<?xml version="1.0" encoding="UTF-8"?>
<!-- Generated by org.testng.reporters.JUnitXMLReporter -->
<testsuite ignored="0" hostname="LAPTOP-52LETVGJ" failures="0" tests="6" name="Default test" time="51.536" errors="0" timestamp="2020-12-07T00:18:18 EST">
  <testcase classname="com.datadriven.test.DataDrivenTest" name="OrangeHrmLoginTest" time="1.442"/>
  <testcase classname="com.datadriven.test.DataDrivenTest" name="OrangeHrmLoginTest" time="0.943"/>
  <testcase classname="com.datadriven.test.DataDrivenTest" name="OrangeHrmLoginTest" time="0.619"/>
  <testcase classname="com.datadriven.test.DataDrivenTest" name="OrangeHrmLoginTest" time="0.948"/>
  <testcase classname="com.datadriven.test.DataDrivenTest" name="OrangeHrmLoginTest" time="0.548"/>
  <testcase classname="com.datadriven.test.DataDrivenTest" name="OrangeHrmLoginTest" time="0.724"/>
</testsuite> <!-- Default test -->
