<?xml version="1.0" encoding="UTF-8"?>
<testng-results ignored="0" total="6" passed="6" failed="0" skipped="0">
  <reporter-output>
  </reporter-output>
  <suite started-at="2020-12-07T00:17:27 EST" name="Default suite" finished-at="2020-12-07T00:18:18 EST" duration-ms="51536">
    <groups>
    </groups>
    <test started-at="2020-12-07T00:17:27 EST" name="Default test" finished-at="2020-12-07T00:18:18 EST" duration-ms="51536">
      <class name="com.datadriven.test.DataDrivenTest">
        <test-method is-config="true" signature="setUp()[pri:0, instance:com.datadriven.test.DataDrivenTest@778d1062]" started-at="2020-12-07T00:17:27 EST" name="setUp" finished-at="2020-12-07T00:17:35 EST" duration-ms="7603" status="PASS">
          <reporter-output>
          </reporter-output>
        </test-method> <!-- setUp -->
        <test-method signature="OrangeHrmLoginTest(java.lang.String, java.lang.String)[pri:0, instance:com.datadriven.test.DataDrivenTest@778d1062]" started-at="2020-12-07T00:17:35 EST" name="OrangeHrmLoginTest" data-provider="getTestData" finished-at="2020-12-07T00:17:36 EST" duration-ms="1442" status="PASS">
          <params>
            <param index="0">
              <value>
                <![CDATA[Admin]]>
              </value>
            </param>
            <param index="1">
              <value>
                <![CDATA[admin123]]>
              </value>
            </param>
          </params>
          <reporter-output>
          </reporter-output>
        </test-method> <!-- OrangeHrmLoginTest -->
        <test-method is-config="true" signature="tearDown()[pri:0, instance:com.datadriven.test.DataDrivenTest@778d1062]" started-at="2020-12-07T00:17:36 EST" name="tearDown" finished-at="2020-12-07T00:17:37 EST" duration-ms="707" status="PASS">
          <reporter-output>
          </reporter-output>
        </test-method> <!-- tearDown -->
        <test-method is-config="true" signature="setUp()[pri:0, instance:com.datadriven.test.DataDrivenTest@778d1062]" started-at="2020-12-07T00:17:37 EST" name="setUp" finished-at="2020-12-07T00:17:44 EST" duration-ms="6715" status="PASS">
          <reporter-output>
          </reporter-output>
        </test-method> <!-- setUp -->
        <test-method signature="OrangeHrmLoginTest(java.lang.String, java.lang.String)[pri:0, instance:com.datadriven.test.DataDrivenTest@778d1062]" started-at="2020-12-07T00:17:44 EST" name="OrangeHrmLoginTest" data-provider="getTestData" finished-at="2020-12-07T00:17:45 EST" duration-ms="943" status="PASS">
          <params>
            <param index="0">
              <value>
                <![CDATA[admin123]]>
              </value>
            </param>
            <param index="1">
              <value>
                <![CDATA[Admin]]>
              </value>
            </param>
          </params>
          <reporter-output>
          </reporter-output>
        </test-method> <!-- OrangeHrmLoginTest -->
        <test-method is-config="true" signature="tearDown()[pri:0, instance:com.datadriven.test.DataDrivenTest@778d1062]" started-at="2020-12-07T00:17:45 EST" name="tearDown" finished-at="2020-12-07T00:17:45 EST" duration-ms="706" status="PASS">
          <reporter-output>
          </reporter-output>
        </test-method> <!-- tearDown -->
        <test-method is-config="true" signature="setUp()[pri:0, instance:com.datadriven.test.DataDrivenTest@778d1062]" started-at="2020-12-07T00:17:45 EST" name="setUp" finished-at="2020-12-07T00:17:52 EST" duration-ms="6600" status="PASS">
          <reporter-output>
          </reporter-output>
        </test-method> <!-- setUp -->
        <test-method signature="OrangeHrmLoginTest(java.lang.String, java.lang.String)[pri:0, instance:com.datadriven.test.DataDrivenTest@778d1062]" started-at="2020-12-07T00:17:52 EST" name="OrangeHrmLoginTest" data-provider="getTestData" finished-at="2020-12-07T00:17:53 EST" duration-ms="619" status="PASS">
          <params>
            <param index="0">
              <value>
                <![CDATA[132132.0]]>
              </value>
            </param>
            <param index="1">
              <value>
                <![CDATA[admin123]]>
              </value>
            </param>
          </params>
          <reporter-output>
          </reporter-output>
        </test-method> <!-- OrangeHrmLoginTest -->
        <test-method is-config="true" signature="tearDown()[pri:0, instance:com.datadriven.test.DataDrivenTest@778d1062]" started-at="2020-12-07T00:17:53 EST" name="tearDown" finished-at="2020-12-07T00:17:53 EST" duration-ms="689" status="PASS">
          <reporter-output>
          </reporter-output>
        </test-method> <!-- tearDown -->
        <test-method is-config="true" signature="setUp()[pri:0, instance:com.datadriven.test.DataDrivenTest@778d1062]" started-at="2020-12-07T00:17:53 EST" name="setUp" finished-at="2020-12-07T00:18:01 EST" duration-ms="7148" status="PASS">
          <reporter-output>
          </reporter-output>
        </test-method> <!-- setUp -->
        <test-method signature="OrangeHrmLoginTest(java.lang.String, java.lang.String)[pri:0, instance:com.datadriven.test.DataDrivenTest@778d1062]" started-at="2020-12-07T00:18:01 EST" name="OrangeHrmLoginTest" data-provider="getTestData" finished-at="2020-12-07T00:18:01 EST" duration-ms="948" status="PASS">
          <params>
            <param index="0">
              <value>
                <![CDATA[Admin]]>
              </value>
            </param>
            <param index="1">
              <value>
                <![CDATA[sadasd]]>
              </value>
            </param>
          </params>
          <reporter-output>
          </reporter-output>
        </test-method> <!-- OrangeHrmLoginTest -->
        <test-method is-config="true" signature="tearDown()[pri:0, instance:com.datadriven.test.DataDrivenTest@778d1062]" started-at="2020-12-07T00:18:01 EST" name="tearDown" finished-at="2020-12-07T00:18:02 EST" duration-ms="829" status="PASS">
          <reporter-output>
          </reporter-output>
        </test-method> <!-- tearDown -->
        <test-method is-config="true" signature="setUp()[pri:0, instance:com.datadriven.test.DataDrivenTest@778d1062]" started-at="2020-12-07T00:18:02 EST" name="setUp" finished-at="2020-12-07T00:18:09 EST" duration-ms="7112" status="PASS">
          <reporter-output>
          </reporter-output>
        </test-method> <!-- setUp -->
        <test-method signature="OrangeHrmLoginTest(java.lang.String, java.lang.String)[pri:0, instance:com.datadriven.test.DataDrivenTest@778d1062]" started-at="2020-12-07T00:18:09 EST" name="OrangeHrmLoginTest" data-provider="getTestData" finished-at="2020-12-07T00:18:10 EST" duration-ms="548" status="PASS">
          <params>
            <param index="0">
              <value>
                <![CDATA[dfnviu]]>
              </value>
            </param>
            <param index="1">
              <value>
                <![CDATA[5654.0]]>
              </value>
            </param>
          </params>
          <reporter-output>
          </reporter-output>
        </test-method> <!-- OrangeHrmLoginTest -->
        <test-method is-config="true" signature="tearDown()[pri:0, instance:com.datadriven.test.DataDrivenTest@778d1062]" started-at="2020-12-07T00:18:10 EST" name="tearDown" finished-at="2020-12-07T00:18:11 EST" duration-ms="693" status="PASS">
          <reporter-output>
          </reporter-output>
        </test-method> <!-- tearDown -->
        <test-method is-config="true" signature="setUp()[pri:0, instance:com.datadriven.test.DataDrivenTest@778d1062]" started-at="2020-12-07T00:18:11 EST" name="setUp" finished-at="2020-12-07T00:18:17 EST" duration-ms="6208" status="PASS">
          <reporter-output>
          </reporter-output>
        </test-method> <!-- setUp -->
        <test-method signature="OrangeHrmLoginTest(java.lang.String, java.lang.String)[pri:0, instance:com.datadriven.test.DataDrivenTest@778d1062]" started-at="2020-12-07T00:18:17 EST" name="OrangeHrmLoginTest" data-provider="getTestData" finished-at="2020-12-07T00:18:18 EST" duration-ms="724" status="PASS">
          <params>
            <param index="0">
              <value>
                <![CDATA[sd322fdf]]>
              </value>
            </param>
            <param index="1">
              <value>
                <![CDATA[465def65]]>
              </value>
            </param>
          </params>
          <reporter-output>
          </reporter-output>
        </test-method> <!-- OrangeHrmLoginTest -->
        <test-method is-config="true" signature="tearDown()[pri:0, instance:com.datadriven.test.DataDrivenTest@778d1062]" started-at="2020-12-07T00:18:18 EST" name="tearDown" finished-at="2020-12-07T00:18:18 EST" duration-ms="699" status="PASS">
          <reporter-output>
          </reporter-output>
        </test-method> <!-- tearDown -->
      </class> <!-- com.datadriven.test.DataDrivenTest -->
    </test> <!-- Default test -->
  </suite> <!-- Default suite -->
</testng-results>
